<?xml version="1.0" encoding="UTF-8"?>
<testng-results ignored="0" total="2" passed="2" failed="0" skipped="0">
  <reporter-output>
  </reporter-output>
  <suite started-at="2021-10-21T15:24:16 IST" name="Default suite" finished-at="2021-10-21T15:24:33 IST" duration-ms="17078">
    <groups>
    </groups>
    <test started-at="2021-10-21T15:24:16 IST" name="Default test" finished-at="2021-10-21T15:24:33 IST" duration-ms="17078">
      <class name="TestNg.selenium.CaseStudyTset">
        <test-method is-config="true" signature="setup()[pri:0, instance:TestNg.selenium.CaseStudyTset@6a6afff2]" started-at="2021-10-21T15:24:16 IST" name="setup" finished-at="2021-10-21T15:24:18 IST" duration-ms="2096" status="PASS">
          <reporter-output>
          </reporter-output>
        </test-method> <!-- setup -->
        <test-method signature="registerUser()[pri:1, instance:TestNg.selenium.CaseStudyTset@6a6afff2]" started-at="2021-10-21T15:24:18 IST" name="registerUser" finished-at="2021-10-21T15:24:23 IST" duration-ms="5615" status="PASS">
          <reporter-output>
          </reporter-output>
        </test-method> <!-- registerUser -->
        <test-method is-config="true" signature="setup()[pri:0, instance:TestNg.selenium.CaseStudyTset@6a6afff2]" started-at="2021-10-21T15:24:23 IST" name="setup" finished-at="2021-10-21T15:24:25 IST" duration-ms="1637" status="PASS">
          <reporter-output>
          </reporter-output>
        </test-method> <!-- setup -->
        <test-method signature="login()[pri:2, instance:TestNg.selenium.CaseStudyTset@6a6afff2]" started-at="2021-10-21T15:24:25 IST" name="login" finished-at="2021-10-21T15:24:33 IST" duration-ms="7686" status="PASS">
          <reporter-output>
          </reporter-output>
        </test-method> <!-- login -->
      </class> <!-- TestNg.selenium.CaseStudyTset -->
    </test> <!-- Default test -->
  </suite> <!-- Default suite -->
</testng-results>
